<?xml version="1.0" encoding="UTF-8"?>
<testsuite xmlns:xsi="http://www.w3.org/2001/XMLSchema-instance" xsi:noNamespaceSchemaLocation="https://maven.apache.org/surefire/maven-surefire-plugin/xsd/surefire-test-report.xsd" name="gpl.granpepinillo.pagoTienda.ProductoTest" time="0.002" tests="10" errors="0" skipped="0" failures="0">
  <properties>
[...]
</properties>
  <testcase name="setNombreTest" classname="gpl.granpepinillo.pagoTienda.ProductoTest" time="0"/>
  <testcase name="aplicarDescuentoTest" classname="gpl.granpepinillo.pagoTienda.ProductoTest" time="0"/>
  <testcase name="getCodigoTest" classname="gpl.granpepinillo.pagoTienda.ProductoTest" time="0"/>
  <testcase name="getCategoriaTest" classname="gpl.granpepinillo.pagoTienda.ProductoTest" time="0"/>
  <testcase name="getMarcaTest" classname="gpl.granpepinillo.pagoTienda.ProductoTest" time="0"/>
  <testcase name="getPrecioTest" classname="gpl.granpepinillo.pagoTienda.ProductoTest" time="0"/>
  <testcase name="setMarcaTest" classname="gpl.granpepinillo.pagoTienda.ProductoTest" time="0"/>
  <testcase name="setPrecioTest" classname="gpl.granpepinillo.pagoTienda.ProductoTest" time="0"/>
  <testcase name="setCategoriaTest" classname="gpl.granpepinillo.pagoTienda.ProductoTest" time="0"/>
  <testcase name="getNombreTest" classname="gpl.granpepinillo.pagoTienda.ProductoTest" time="0"/>
</testsuite>